\BOOKMARK [1][-]{section.0.1}{\376\377\0002\0000\000t\000h\000\040\000o\000f\000\040\000S\000e\000p\000t\000e\000m\000b\000e\000r\000\040\0002\0000\0001\0008\000\040\040\024\000\040\000F\000.\000\040\000P\000o\000l\000o\000n\000i}{}% 1
\BOOKMARK [2][-]{subsection.0.1.1}{\376\377\000A\000\040\000w\000a\000r\000m\000\040\000u\000p}{section.0.1}% 2
\BOOKMARK [2][-]{subsection.0.1.2}{\376\377\000S\000o\000l\000v\000i\000n\000g\000\040\000L\000i\000n\000e\000a\000r\000\040\000S\000y\000s\000t\000e\000m\000s}{section.0.1}% 3
\BOOKMARK [2][-]{subsection.0.1.3}{\376\377\000O\000r\000t\000h\000o\000g\000o\000n\000a\000l\000i\000t\000y}{section.0.1}% 4
\BOOKMARK [1][-]{section.0.2}{\376\377\0002\0006\000t\000h\000\040\000o\000f\000\040\000S\000e\000p\000t\000e\000m\000b\000e\000r\000\040\0002\0000\0001\0008\000\040\040\024\000\040\000F\000.\000\040\000P\000o\000l\000o\000n\000i}{}% 5
\BOOKMARK [2][-]{subsection.0.2.1}{\376\377\000O\000r\000t\000h\000o\000g\000o\000n\000a\000l\000i\000t\000y\000\040\000\050\000I\000I\000\051}{section.0.2}% 6
\BOOKMARK [2][-]{subsection.0.2.2}{\376\377\000E\000i\000g\000e\000n\000v\000a\000l\000u\000e\000s\000\040\000/\000\040\000E\000i\000g\000e\000n\000v\000e\000c\000t\000o\000r}{section.0.2}% 7
\BOOKMARK [1][-]{section.0.3}{\376\377\0002\0008\000t\000h\000\040\000o\000f\000\040\000S\000e\000p\000t\000e\000m\000b\000e\000r\000\040\0002\0000\0001\0008\000\040\040\024\000\040\000F\000.\000\040\000P\000o\000l\000o\000n\000i}{}% 8
\BOOKMARK [2][-]{subsection.0.3.1}{\376\377\000S\000i\000n\000g\000u\000l\000a\000r\000\040\000v\000a\000l\000u\000e\000\040\000d\000e\000c\000o\000m\000p\000o\000s\000i\000t\000i\000o\000n\000\040\000\050\000S\000V\000D\000\051}{section.0.3}% 9
\BOOKMARK [1][-]{section.0.4}{\376\377\0004\000t\000h\000\040\000o\000f\000\040\000O\000c\000t\000o\000b\000e\000r\000\040\0002\0000\0001\0008\000\040\040\024\000\040\000F\000.\000\040\000P\000o\000l\000o\000n\000i}{}% 10
\BOOKMARK [1][-]{section.0.5}{\376\377\0001\0000\000t\000h\000\040\000o\000f\000\040\000O\000c\000t\000o\000b\000e\000r\000\040\0002\0000\0001\0008\000\040\040\024\000\040\000F\000.\000\040\000P\000o\000l\000o\000n\000i}{}% 11
\BOOKMARK [1][-]{section.0.6}{\376\377\0001\0008\000t\000h\000\040\000o\000f\000\040\000O\000c\000t\000o\000b\000e\000r\000\040\0002\0000\0001\0008\000\040\040\024\000\040\000F\000.\000\040\000P\000o\000l\000o\000n\000i}{}% 12
\BOOKMARK [2][-]{subsection.0.6.1}{\376\377\000L\000e\000a\000s\000t\000\040\000s\000q\000u\000a\000r\000e\000s\000\040\000p\000r\000o\000b\000l\000e\000m}{section.0.6}% 13
\BOOKMARK [2][-]{subsection.0.6.2}{\376\377\000Q\000R\000\040\000f\000a\000c\000t\000o\000r\000i\000z\000a\000t\000i\000o\000n}{section.0.6}% 14
\BOOKMARK [1][-]{section.0.7}{\376\377\0002\0006\000t\000h\000\040\000o\000f\000\040\000O\000c\000t\000o\000b\000e\000r\000\040\0002\0000\0001\0008\000\040\040\024\000\040\000F\000.\000\040\000P\000o\000l\000o\000n\000i}{}% 15
\BOOKMARK [2][-]{subsection.0.7.1}{\376\377\000H\000o\000w\000\040\000t\000o\000\040\000c\000o\000n\000s\000t\000r\000u\000c\000t\000\040\000a\000\040\000Q\000R\000\040\000f\000a\000c\000t\000o\000r\000i\000z\000a\000t\000i\000o\000n}{section.0.7}% 16
\BOOKMARK [2][-]{subsection.0.7.2}{\376\377\000H\000o\000w\000\040\000t\000o\000\040\000u\000s\000e\000\040\000t\000h\000e\000\040\000t\000h\000i\000n\000\040\000Q\000R\000\040\000f\000a\000c\000t\000o\000r\000i\000z\000a\000t\000i\000o\000n\000\040\000t\000o\000\040\000s\000o\000l\000v\000e\000\040\000a\000\040\000l\000e\000a\000s\000t\000\040\000s\000q\000u\000a\000r\000e\000s\000\040\000p\000r\000o\000b\000l\000e\000m}{section.0.7}% 17
\BOOKMARK [1][-]{section.0.8}{\376\377\0007\000t\000h\000\040\000o\000f\000\040\000N\000o\000v\000e\000m\000b\000e\000r\000\040\0002\0000\0001\0008\000\040\040\024\000\040\000F\000.\000P\000o\000l\000o\000n\000i}{}% 18
\BOOKMARK [2][-]{subsection.0.8.1}{\376\377\000L\000e\000a\000s\000t\000\040\000s\000q\000u\000a\000r\000e\000s\000\040\000p\000r\000o\000b\000l\000e\000m\000\040\000w\000i\000t\000h\000\040\000S\000V\000D}{section.0.8}% 19
\BOOKMARK [2][-]{subsection.0.8.2}{\376\377\000T\000r\000u\000n\000c\000a\000t\000e\000d\000\040\000S\000V\000D}{section.0.8}% 20
\BOOKMARK [2][-]{subsection.0.8.3}{\376\377\000T\000i\000k\000h\000o\000n\000o\000v\000\040\000r\000e\000g\000u\000l\000a\000r\000i\000z\000a\000t\000i\000o\000n\000\040\000/\000\040\000r\000i\000d\000g\000e\000\040\000r\000e\000g\000r\000e\000s\000s\000i\000o\000n}{section.0.8}% 21
\BOOKMARK [1][-]{section.0.9}{\376\377\0009\000t\000h\000\040\000o\000f\000\040\000N\000o\000v\000e\000m\000b\000e\000r\000\040\0002\0000\0001\0008\000\040\040\024\000\040\000F\000.\000\040\000P\000o\000l\000o\000n\000i}{}% 22
\BOOKMARK [2][-]{subsection.0.9.1}{\376\377\000C\000o\000n\000d\000i\000t\000i\000o\000n\000i\000n\000g}{section.0.9}% 23
\BOOKMARK [2][-]{subsection.0.9.2}{\376\377\000C\000o\000n\000d\000i\000t\000i\000o\000n\000\040\000n\000u\000m\000b\000e\000r\000,\000\040\000S\000V\000D\000,\000\040\000a\000n\000d\000\040\000d\000i\000s\000t\000a\000n\000c\000e\000\040\000t\000o\000\040\000s\000i\000n\000g\000u\000l\000a\000r\000i\000t\000y}{section.0.9}% 24
\BOOKMARK [2][-]{subsection.0.9.3}{\376\377\000C\000o\000n\000d\000i\000t\000i\000o\000n\000i\000n\000g\000\040\000o\000f\000\040\000l\000e\000a\000s\000t\000\040\000s\000q\000u\000a\000r\000e\000s\000\040\000p\000r\000o\000b\000l\000e\000m}{section.0.9}% 25
\BOOKMARK [1][-]{section.0.10}{\376\377\0001\0005\000t\000h\000\040\000o\000f\000\040\000N\000o\000v\000e\000m\000b\000e\000r\000\040\0002\0000\0001\0008\000\040\040\024\000\040\000F\000.\000\040\000P\000o\000l\000o\000n\000i}{}% 26
\BOOKMARK [2][-]{subsection.0.10.1}{\376\377\000S\000t\000a\000b\000i\000l\000i\000t\000y\000\040\000o\000f\000\040\000a\000l\000g\000o\000r\000i\000t\000h\000m\000s}{section.0.10}% 27
\BOOKMARK [2][-]{subsection.0.10.2}{\376\377\000B\000a\000c\000k\000w\000a\000r\000d\000\040\000s\000t\000a\000b\000i\000l\000i\000t\000y\000\040\000o\000f\000\040\000Q\000R\000\040\000f\000a\000c\000t\000o\000r\000i\000z\000a\000t\000i\000o\000n}{section.0.10}% 28
\BOOKMARK [2][-]{subsection.0.10.3}{\376\377\000A\000\040\000p\000o\000s\000t\000e\000r\000i\000o\000r\000i\000\040\000c\000h\000e\000c\000k\000\040\000f\000o\000r\000\040\000L\000e\000a\000s\000t\000\040\000S\000q\000u\000a\000r\000e\000s\000\040\000P\000r\000o\000b\000l\000e\000m\000s}{section.0.10}% 29
\BOOKMARK [1][-]{section.0.11}{\376\377\0002\0001\000s\000t\000\040\000o\000f\000\040\000N\000o\000v\000e\000m\000b\000e\000r\000\040\0002\0000\0001\0008\000\040\040\024\000\040\000F\000.\000\040\000P\000o\000l\000o\000n\000i}{}% 30
\BOOKMARK [2][-]{subsection.0.11.1}{\376\377\000G\000a\000u\000s\000s\000i\000a\000n\000\040\000e\000l\000i\000m\000i\000n\000a\000t\000i\000o\000n\000\040\000a\000n\000d\000\040\000L\000U\000\040\000f\000a\000c\000t\000o\000r\000i\000z\000a\000t\000i\000o\000n}{section.0.11}% 31
\BOOKMARK [1][-]{section.0.12}{\376\377\0002\0003\000r\000d\000\040\000o\000f\000\040\000N\000o\000v\000e\000m\000b\000e\000r\000\040\0002\0000\0001\0008\000\040\040\024\000\040\000F\000.\000\040\000P\000o\000l\000o\000n\000i}{}% 32
\BOOKMARK [2][-]{subsection.0.12.1}{\376\377\000G\000a\000u\000s\000s\000i\000a\000n\000\040\000e\000l\000i\000m\000i\000n\000a\000t\000i\000o\000n\000\040\000o\000n\000\040\000s\000y\000m\000m\000e\000t\000r\000i\000c\000\040\000m\000a\000t\000r\000i\000c\000e\000s}{section.0.12}% 33
\BOOKMARK [2][-]{subsection.0.12.2}{\376\377\000C\000h\000o\000l\000e\000s\000k\000y\000\040\000f\000a\000c\000t\000o\000r\000i\000z\000a\000t\000i\000o\000n}{section.0.12}% 34
\BOOKMARK [2][-]{subsection.0.12.3}{\376\377\000K\000r\000y\000l\000o\000v\000\040\000s\000u\000b\000s\000p\000a\000c\000e\000\040\000m\000e\000t\000h\000o\000d\000s}{section.0.12}% 35
\BOOKMARK [1][-]{section.0.13}{\376\377\0002\0009\000t\000h\000\040\000o\000f\000\040\000N\000o\000v\000e\000m\000b\000e\000r\000\040\0002\0000\0001\0008\000\040\040\024\000\040\000F\000.\000\040\000P\000o\000l\000o\000n\000i}{}% 36
\BOOKMARK [2][-]{subsection.0.13.1}{\376\377\000A\000r\000n\000o\000l\000d\000i\000\040\000a\000l\000g\000o\000r\000i\000t\000h\000m}{section.0.13}% 37
\BOOKMARK [1][-]{section.0.14}{\376\377\0005\000t\000h\000\040\000o\000f\000\040\000D\000e\000c\000e\000m\000b\000e\000r\000\040\0002\0000\0001\0008\000\040\040\024\000\040\000F\000.\000\040\000P\000o\000l\000o\000n\000i}{}% 38
\BOOKMARK [2][-]{subsection.0.14.1}{\376\377\000C\000o\000n\000v\000e\000r\000g\000e\000n\000c\000e\000\040\000o\000f\000\040\000A\000r\000n\000o\000l\000d\000i}{section.0.14}% 39
\BOOKMARK [1][-]{section.0.15}{\376\377\0007\000t\000h\000\040\000o\000f\000\040\000D\000e\000c\000e\000m\000b\000e\000r\000\040\0002\0000\0001\0008\000\040\040\024\000\040\000F\000.\000\040\000P\000o\000l\000o\000n\000i}{}% 40
\BOOKMARK [1][-]{section.0.16}{\376\377\0001\0003\000t\000h\000\040\000o\000f\000\040\000D\000e\000c\000e\000m\000b\000e\000r\000\040\0002\0000\0001\0008\000\040\040\024\000\040\000F\000.\000\040\000P\000o\000l\000o\000n\000i}{}% 41
\BOOKMARK [2][-]{subsection.0.16.1}{\376\377\000L\000a\000n\000c\000z\000o\000s\000\040\000a\000l\000g\000o\000r\000i\000t\000h\000m}{section.0.16}% 42
\BOOKMARK [0][-]{chapter.1}{\376\377\0001\0009\000t\000h\000\040\000o\000f\000\040\000S\000e\000p\000t\000e\000m\000b\000e\000r\000\040\0002\0000\0001\0008}{}% 43
\BOOKMARK [1][-]{section.1.1}{\376\377\000I\000n\000t\000r\000o\000d\000u\000c\000t\000i\000o\000n\000\040\000t\000o\000\040\000m\000a\000c\000h\000i\000n\000e\000\040\000l\000e\000a\000r\000n\000i\000n\000g\000\040\000p\000r\000o\000b\000l\000e\000m\000s}{chapter.1}% 44
\BOOKMARK [1][-]{section.1.2}{\376\377\000O\000p\000t\000i\000m\000i\000z\000a\000t\000i\000o\000n}{chapter.1}% 45
\BOOKMARK [2][-]{subsection.1.2.1}{\376\377\000L\000i\000n\000e\000a\000r\000\040\000e\000s\000t\000i\000m\000a\000t\000i\000o\000n}{section.1.2}% 46
\BOOKMARK [2][-]{subsection.1.2.2}{\376\377\000L\000o\000w\000-\000r\000a\000n\000k\000\040\000a\000p\000p\000r\000o\000x\000i\000m\000a\000t\000i\000o\000n}{section.1.2}% 47
\BOOKMARK [2][-]{subsection.1.2.3}{\376\377\000S\000u\000p\000p\000o\000r\000t\000\040\000v\000e\000c\000t\000o\000r\000\040\000m\000a\000c\000h\000i\000n\000e\000s}{section.1.2}% 48
\BOOKMARK [0][-]{chapter.2}{\376\377\0002\0001\000s\000t\000\040\000o\000f\000\040\000S\000e\000p\000t\000e\000m\000b\000e\000r\000\040\0002\0000\0001\0008}{}% 49
\BOOKMARK [1][-]{section.2.1}{\376\377\000M\000a\000t\000h\000e\000m\000a\000t\000i\000c\000a\000l\000\040\000b\000a\000c\000k\000g\000r\000o\000u\000n\000d\000\040\000f\000o\000r\000\040\000o\000p\000t\000i\000m\000i\000z\000a\000t\000i\000o\000n\000\040\000p\000r\000o\000b\000l\000e\000m\000s}{chapter.2}% 50
\BOOKMARK [2][-]{subsection.2.1.1}{\376\377\000M\000u\000l\000t\000i\000-\000o\000b\000j\000e\000c\000t\000i\000v\000e\000\040\000O\000p\000t\000i\000m\000i\000z\000a\000t\000i\000o\000n}{section.2.1}% 51
\BOOKMARK [1][-]{section.2.2}{\376\377\000I\000n\000f\000i\000m\000a\000,\000\040\000s\000u\000p\000r\000e\000m\000a\000\040\000a\000n\000d\000\040\000e\000x\000t\000e\000n\000d\000e\000d\000\040\000r\000e\000a\000l\000s}{chapter.2}% 52
\BOOKMARK [1][-]{section.2.3}{\376\377\000\050\000M\000o\000n\000o\000t\000o\000n\000e\000\051\000\040\000S\000e\000q\000u\000e\000n\000c\000e\000s\000\040\000i\000n\000\040\000R\000\040\000a\000n\000d\000\040\000o\000p\000t\000i\000m\000i\000z\000a\000t\000i\000o\000n}{chapter.2}% 53
\BOOKMARK [1][-]{section.2.4}{\376\377\000V\000e\000c\000t\000o\000r\000\040\000s\000p\000a\000c\000e\000s\000\040\000a\000n\000d\000\040\000t\000o\000p\000o\000l\000o\000g\000y}{chapter.2}% 54
\BOOKMARK [1][-]{section.2.5}{\376\377\000L\000i\000m\000i\000t\000\040\000o\000f\000\040\000a\000\040\000s\000e\000q\000u\000e\000n\000c\000e\000\040\000i\000n\000\040\000R\000^\000n}{chapter.2}% 55
\BOOKMARK [0][-]{chapter.3}{\376\377\0002\0007\000t\000h\000\040\000o\000f\000\040\000S\000e\000p\000t\000e\000m\000b\000e\000r\000\040\0002\0000\0001\0008}{}% 56
\BOOKMARK [1][-]{section.3.1}{\376\377\000C\000o\000n\000t\000i\000n\000u\000i\000t\000y}{chapter.3}% 57
\BOOKMARK [1][-]{section.3.2}{\376\377\000D\000e\000r\000i\000v\000a\000t\000i\000v\000e\000s}{chapter.3}% 58
\BOOKMARK [2][-]{subsection.3.2.1}{\376\377\000M\000u\000l\000t\000i\000v\000a\000r\000i\000a\000t\000e\000\040\000d\000i\000f\000f\000e\000r\000e\000n\000t\000i\000a\000b\000i\000l\000i\000t\000y}{section.3.2}% 59
\BOOKMARK [0][-]{chapter.4}{\376\377\0003\000r\000d\000\040\000o\000f\000\040\000O\000c\000t\000o\000b\000e\000r\000\040\0002\0000\0001\0008}{}% 60
\BOOKMARK [1][-]{section.4.1}{\376\377\000S\000i\000m\000p\000l\000e\000\040\000f\000u\000n\000c\000t\000i\000o\000n\000s}{chapter.4}% 61
\BOOKMARK [2][-]{subsection.4.1.1}{\376\377\000L\000i\000n\000e\000a\000r\000\040\000f\000u\000n\000c\000t\000i\000o\000n\000s}{section.4.1}% 62
\BOOKMARK [2][-]{subsection.4.1.2}{\376\377\000Q\000u\000a\000d\000r\000a\000t\000i\000c\000\040\000f\000u\000n\000c\000t\000i\000o\000n\000s}{section.4.1}% 63
\BOOKMARK [1][-]{section.4.2}{\376\377\0005\000t\000h\000\040\000o\000f\000\040\000O\000c\000t\000o\000b\000e\000r\000\040\0002\0000\0001\0008\000\040\040\024\000\040\000A\000.\000\040\000F\000r\000a\000n\000g\000i\000o\000n\000i}{chapter.4}% 64
\BOOKMARK [2][-]{subsection.4.2.1}{\376\377\000U\000n\000c\000o\000n\000s\000t\000r\000a\000i\000n\000e\000d\000\040\000o\000p\000t\000i\000m\000i\000z\000a\000t\000i\000o\000n}{section.4.2}% 65
\BOOKMARK [2][-]{subsection.4.2.2}{\376\377\000C\000o\000n\000v\000e\000x\000i\000t\000y}{section.4.2}% 66
\BOOKMARK [1][-]{section.4.3}{\376\377\0001\0001\000t\000h\000\040\000o\000f\000\040\000O\000c\000t\000o\000b\000e\000r\000\040\0002\0000\0001\0008\000\040\040\024\000\040\000A\000.\000\040\000F\000r\000a\000n\000g\000i\000o\000n\000i}{chapter.4}% 67
\BOOKMARK [1][-]{section.4.4}{\376\377\0001\0007\000t\000h\000\040\000o\000f\000\040\000O\000c\000t\000o\000b\000e\000r\000\040\0002\0000\0001\0008\000\040\040\024\000\040\000A\000.\000\040\000F\000r\000a\000n\000g\000i\000o\000n\000i}{chapter.4}% 68
\BOOKMARK [2][-]{subsection.4.4.1}{\376\377\000O\000p\000t\000i\000m\000i\000z\000a\000t\000i\000o\000n\000\040\000a\000l\000g\000o\000r\000i\000t\000h\000m\000s}{section.4.4}% 69
\BOOKMARK [1][-]{section.4.5}{\376\377\0001\0009\000t\000h\000\040\000o\000f\000\040\000O\000c\000t\000o\000b\000e\000r\000\040\0002\0000\0001\0008\000\040\040\024\000\040\000A\000.\000\040\000F\000r\000a\000n\000g\000i\000o\000n\000i}{chapter.4}% 70
\BOOKMARK [2][-]{subsection.4.5.1}{\376\377\000G\000r\000a\000d\000i\000e\000n\000t\000\040\000m\000e\000t\000h\000o\000d\000\040\000f\000o\000r\000\040\000q\000u\000a\000d\000r\000a\000t\000i\000c\000\040\000f\000u\000n\000c\000t\000i\000o\000n\000s}{section.4.5}% 71
\BOOKMARK [2][-]{subsection.4.5.2}{\376\377\000M\000a\000t\000L\000a\000b\000\040\000i\000m\000p\000l\000e\000m\000e\000n\000t\000a\000t\000i\000o\000n}{section.4.5}% 72
\BOOKMARK [1][-]{section.4.6}{\376\377\0002\0004\000t\000h\000\040\000o\000f\000\040\000O\000c\000t\000o\000b\000e\000r\000\040\0002\0000\0001\0008\000\040\040\024\000\040\000A\000.\000\040\000F\000r\000a\000n\000g\000i\000o\000n\000i}{chapter.4}% 73
\BOOKMARK [2][-]{subsection.4.6.1}{\376\377\000G\000r\000a\000d\000i\000e\000n\000t\000\040\000m\000e\000t\000h\000o\000d\000\040\000f\000o\000r\000\040\000n\000o\000n\000\040\000q\000u\000a\000d\000r\000a\000t\000i\000c\000\040\000f\000u\000n\000c\000t\000i\000o\000n\000s}{section.4.6}% 74
\BOOKMARK [1][-]{section.4.7}{\376\377\0002\0005\000t\000h\000\040\000o\000f\000\040\000O\000c\000t\000o\000b\000e\000r\000\040\0002\0000\0001\0008\000\040\040\024\000\040\000A\000.\000\040\000F\000r\000a\000n\000g\000i\000o\000n\000i}{chapter.4}% 75
\BOOKMARK [1][-]{section.4.8}{\376\377\0008\000t\000h\000\040\000o\000f\000\040\000N\000o\000v\000e\000m\000b\000e\000r\000\040\0002\0000\0001\0008\000\040\040\024\000\040\000A\000.\000\040\000F\000r\000a\000n\000g\000i\000o\000n\000i}{chapter.4}% 76
\BOOKMARK [2][-]{subsection.4.8.1}{\376\377\000G\000o\000o\000d\000\040\000p\000r\000a\000c\000t\000i\000c\000e\000\040\000o\000f\000\040\000d\000e\000s\000i\000g\000n\000i\000n\000g\000\040\000a\000\040\000p\000r\000o\000j\000e\000c\000t}{section.4.8}% 77
\BOOKMARK [1][-]{section.4.9}{\376\377\0001\0004\000t\000h\000\040\000o\000f\000\040\000N\000o\000v\000e\000m\000b\000e\000r\000\040\0002\0000\0001\0008\000\040\040\024\000\040\000A\000.\000\040\000F\000r\000a\000n\000g\000i\000o\000n\000i}{chapter.4}% 78
\BOOKMARK [2][-]{subsection.4.9.1}{\376\377\000T\000a\000y\000l\000o\000r\000\040\000m\000e\000t\000h\000o\000d}{section.4.9}% 79
\BOOKMARK [1][-]{section.4.10}{\376\377\0001\0006\000t\000h\000\040\000o\000f\000\040\000N\000o\000v\000e\000m\000b\000e\000r\000\040\0002\0000\0001\0008\000\040\040\024\000\040\000A\000.\000\040\000F\000r\000a\000n\000g\000i\000o\000n\000i}{chapter.4}% 80
\BOOKMARK [2][-]{subsection.4.10.1}{\376\377\000Q\000u\000a\000s\000i\000-\000n\000e\000w\000t\000o\000n\000\040\000m\000e\000t\000h\000o\000d\000s}{section.4.10}% 81
\BOOKMARK [2][-]{subsection.4.10.2}{\376\377\000C\000o\000n\000j\000u\000g\000a\000t\000e\000\040\000g\000r\000a\000d\000i\000e\000n\000t\000\040\000m\000e\000t\000h\000o\000d}{section.4.10}% 82
\BOOKMARK [1][-]{section.4.11}{\376\377\0002\0002\000n\000d\000\040\000o\000f\000\040\000N\000o\000v\000e\000m\000b\000e\000r\000\040\0002\0000\0001\0008\000\040\040\024\000\040\000A\000.\000\040\000F\000r\000a\000n\000g\000i\000o\000n\000i}{chapter.4}% 83
\BOOKMARK [2][-]{subsection.4.11.1}{\376\377\000D\000e\000f\000l\000e\000c\000t\000e\000d\000\040\000g\000r\000a\000d\000i\000e\000n\000t\000\040\000m\000e\000t\000h\000o\000d\000s}{section.4.11}% 84
\BOOKMARK [2][-]{subsection.4.11.2}{\376\377\000I\000n\000c\000r\000e\000m\000e\000n\000t\000a\000l\000\040\000g\000r\000a\000d\000i\000e\000n\000t\000\040\000m\000e\000t\000h\000o\000d\000s}{section.4.11}% 85
\BOOKMARK [2][-]{subsection.4.11.3}{\376\377\000S\000u\000b\000g\000r\000a\000d\000i\000e\000n\000t\000\040\000m\000e\000t\000h\000o\000d\000s}{section.4.11}% 86
\BOOKMARK [1][-]{section.4.12}{\376\377\0002\0008\000t\000h\000\040\000o\000f\000\040\000N\000o\000v\000e\000m\000b\000e\000r\000\040\0002\0000\0001\0008\000\040\040\024\000\040\000A\000.\000\040\000F\000r\000a\000n\000g\000i\000o\000n\000i}{chapter.4}% 87
\BOOKMARK [2][-]{subsection.4.12.1}{\376\377\000S\000u\000b\000g\000r\000a\000d\000i\000e\000n\000t\000\040\000m\000e\000t\000h\000o\000d\000s}{section.4.12}% 88
\BOOKMARK [2][-]{subsection.4.12.2}{\376\377\000D\000e\000f\000l\000e\000c\000t\000e\000d\000\040\000s\000u\000b\000g\000r\000a\000d\000i\000e\000n\000t}{section.4.12}% 89
\BOOKMARK [2][-]{subsection.4.12.3}{\376\377\000S\000m\000o\000o\000t\000h\000e\000d\000\040\000g\000r\000a\000d\000i\000e\000n\000t\000\040\000m\000e\000t\000h\000o\000d\000s}{section.4.12}% 90
\BOOKMARK [2][-]{subsection.4.12.4}{\376\377\000C\000u\000t\000t\000i\000n\000g\000-\000p\000l\000a\000n\000e\000\040\000a\000l\000g\000o\000r\000i\000t\000h\000m}{section.4.12}% 91
\BOOKMARK [2][-]{subsection.4.12.5}{\376\377\000B\000u\000n\000d\000l\000e\000\040\000m\000e\000t\000h\000o\000d\000s}{section.4.12}% 92
\BOOKMARK [1][-]{section.4.13}{\376\377\0003\0000\000t\000h\000\040\000o\000f\000\040\000N\000o\000v\000e\000m\000b\000e\000r\000\040\0002\0000\0001\0008\000\040\040\024\000\040\000A\000.\000\040\000F\000r\000a\000n\000g\000i\000o\000n\000i}{chapter.4}% 93
\BOOKMARK [2][-]{subsection.4.13.1}{\376\377\000C\000o\000n\000s\000t\000r\000a\000i\000n\000e\000d\000\040\000o\000p\000t\000i\000m\000i\000z\000a\000t\000i\000o\000n}{section.4.13}% 94
\BOOKMARK [1][-]{section.4.14}{\376\377\0006\000t\000h\000\040\000o\000f\000\040\000D\000e\000c\000e\000m\000b\000e\000r\000\040\0002\0000\0001\0008\000\040\040\024\000\040\000A\000.\000\040\000F\000r\000a\000n\000g\000i\000o\000n\000i}{chapter.4}% 95
\BOOKMARK [2][-]{subsection.4.14.1}{\376\377\000D\000u\000a\000l\000i\000t\000y}{section.4.14}% 96
\BOOKMARK [2][-]{subsection.4.14.2}{\376\377\000L\000a\000g\000r\000a\000n\000g\000i\000a\000n\000\040\000d\000u\000a\000l\000i\000t\000y}{section.4.14}% 97
\BOOKMARK [2][-]{subsection.4.14.3}{\376\377\000S\000p\000e\000c\000i\000a\000l\000i\000z\000e\000d\000\040\000d\000u\000a\000l}{section.4.14}% 98
\BOOKMARK [2][-]{subsection.4.14.4}{\376\377\000F\000e\000n\000c\000h\000e\000l\000'\000s\000\040\000d\000u\000a\000l\000i\000t\000y}{section.4.14}% 99
\BOOKMARK [1][-]{section.4.15}{\376\377\0001\0002\000t\000h\000\040\000o\000f\000\040\000D\000e\000c\000e\000m\000b\000e\000r\000\040\0002\0000\0001\0008\000\040\040\024\000\040\000A\000.\000\040\000F\000r\000a\000n\000g\000i\000o\000n\000i}{chapter.4}% 100
\BOOKMARK [2][-]{subsection.4.15.1}{\376\377\000Q\000u\000a\000d\000r\000a\000t\000i\000c\000\040\000p\000r\000o\000b\000l\000e\000m\000\040\000w\000i\000t\000h\000\040\000l\000i\000n\000e\000a\000r\000\040\000e\000q\000u\000a\000l\000i\000t\000y\000\040\000c\000o\000n\000s\000t\000r\000a\000i\000n\000t\000s}{section.4.15}% 101
\BOOKMARK [2][-]{subsection.4.15.2}{\376\377\000I\000n\000e\000q\000u\000a\000l\000i\000t\000y\000\040\000c\000o\000n\000s\000t\000r\000a\000i\000n\000e\000d\000\040\000p\000r\000o\000b\000l\000e\000m\000s}{section.4.15}% 102
\BOOKMARK [1][-]{section.4.16}{\376\377\0001\0004\000t\000h\000\040\000o\000f\000\040\000D\000e\000c\000e\000m\000b\000e\000r\000\040\0002\0000\0001\0008\000\040\040\024\000\040\000A\000.\000\040\000F\000r\000a\000n\000g\000i\000o\000n\000i}{chapter.4}% 103
\BOOKMARK [2][-]{subsection.4.16.1}{\376\377\000D\000u\000a\000l\000\040\000m\000e\000t\000h\000o\000d\000s\000\040\000f\000o\000r\000\040\000l\000i\000n\000e\000a\000r\000\040\000c\000o\000n\000s\000t\000r\000a\000i\000n\000e\000d\000\040\000o\000p\000t\000i\000m\000i\000z\000a\000t\000i\000o\000n}{section.4.16}% 104
\BOOKMARK [2][-]{subsection.4.16.2}{\376\377\000P\000r\000i\000m\000a\000l\000/\000d\000u\000a\000l\000\040\000m\000e\000t\000h\000o\000d\000s\000\040\000o\000r\000\040\000b\000a\000r\000r\000i\000e\000r\000\040\000m\000e\000t\000h\000o\000d\000s}{section.4.16}% 105
\BOOKMARK [2][-]{subsection.4.16.3}{\376\377\000P\000r\000i\000m\000a\000l\000-\000d\000u\000a\000l\000\040\000i\000n\000t\000e\000r\000i\000o\000r\000\040\000p\000o\000i\000n\000t\000\040\000m\000e\000t\000h\000o\000d}{section.4.16}% 106
