\BOOKMARK [1][-]{section.1}{\376\377\0002\0000\000t\000h\000\040\000o\000f\000\040\000S\000e\000p\000t\000e\000m\000b\000e\000r\000\040\0002\0000\0001\0008\000\040\040\024\000\040\000F\000.\000\040\000P\000o\000l\000o\000n\000i}{}% 1
\BOOKMARK [2][-]{subsection.1.1}{\376\377\000A\000\040\000w\000a\000r\000m\000\040\000u\000p}{section.1}% 2
\BOOKMARK [2][-]{subsection.1.2}{\376\377\000S\000o\000l\000v\000i\000n\000g\000\040\000L\000i\000n\000e\000a\000r\000\040\000S\000y\000s\000t\000e\000m\000s}{section.1}% 3
\BOOKMARK [2][-]{subsection.1.3}{\376\377\000O\000r\000t\000h\000o\000g\000o\000n\000a\000l\000i\000t\000y}{section.1}% 4
\BOOKMARK [1][-]{section.2}{\376\377\0002\0006\000t\000h\000\040\000o\000f\000\040\000S\000e\000p\000t\000e\000m\000b\000e\000r\000\040\0002\0000\0001\0008\000\040\040\024\000\040\000F\000.\000\040\000P\000o\000l\000o\000n\000i}{}% 5
\BOOKMARK [2][-]{subsection.2.1}{\376\377\000O\000r\000t\000h\000o\000g\000o\000n\000a\000l\000i\000t\000y\000\040\000\050\000I\000I\000\051}{section.2}% 6
\BOOKMARK [2][-]{subsection.2.2}{\376\377\000E\000i\000g\000e\000n\000v\000a\000l\000u\000e\000s\000\040\000/\000\040\000E\000i\000g\000e\000n\000v\000e\000c\000t\000o\000r}{section.2}% 7
\BOOKMARK [3][-]{subsubsection.2.2.1}{\376\377\000E\000i\000g\000e\000n\000v\000e\000c\000t\000o\000r\000:\000\040\000w\000h\000a\000t\000\040\000c\000o\000u\000l\000d\000\040\000p\000o\000s\000s\000i\000b\000l\000y\000\040\000g\000o\000\040\000w\000r\000o\000n\000g\000?}{subsection.2.2}% 8
\BOOKMARK [1][-]{section.3}{\376\377\0002\0008\000t\000h\000\040\000o\000f\000\040\000S\000e\000p\000t\000e\000m\000b\000e\000r\000\040\0002\0000\0001\0008\000\040\040\024\000\040\000F\000.\000\040\000P\000o\000l\000o\000n\000i}{}% 9
\BOOKMARK [2][-]{subsection.3.1}{\376\377\000S\000i\000n\000g\000u\000l\000a\000r\000\040\000v\000a\000l\000u\000e\000\040\000d\000e\000c\000o\000m\000p\000o\000s\000i\000t\000i\000o\000n\000\040\000\050\000S\000V\000D\000\051}{section.3}% 10
\BOOKMARK [3][-]{subsubsection.3.1.1}{\376\377\000P\000r\000o\000p\000e\000r\000t\000i\000e\000s\000\040\000o\000f\000\040\000S\000V\000D}{subsection.3.1}% 11
\BOOKMARK [1][-]{section.4}{\376\377\0004\000t\000h\000\040\000o\000f\000\040\000O\000c\000t\000o\000b\000e\000r\000\040\0002\0000\0001\0008\000\040\040\024\000\040\000F\000.\000\040\000P\000o\000l\000o\000n\000i}{}% 12
\BOOKMARK [1][-]{section.5}{\376\377\0001\0000\000t\000h\000\040\000o\000f\000\040\000O\000c\000t\000o\000b\000e\000r\000\040\0002\0000\0001\0008\000\040\040\024\000\040\000F\000.\000\040\000P\000o\000l\000o\000n\000i}{}% 13
\BOOKMARK [1][-]{section.6}{\376\377\0001\0008\000t\000h\000\040\000o\000f\000\040\000O\000c\000t\000o\000b\000e\000r\000\040\0002\0000\0001\0008\000\040\040\024\000\040\000F\000.\000\040\000P\000o\000l\000o\000n\000i}{}% 14
\BOOKMARK [2][-]{subsection.6.1}{\376\377\000L\000e\000a\000s\000t\000\040\000s\000q\000u\000a\000r\000e\000s\000\040\000p\000r\000o\000b\000l\000e\000m}{section.6}% 15
\BOOKMARK [3][-]{subsubsection.6.1.1}{\376\377\000M\000e\000t\000h\000o\000d\000\040\000o\000f\000\040\000n\000o\000r\000m\000a\000l\000\040\000e\000q\000u\000a\000t\000i\000o\000n\000s}{subsection.6.1}% 16
\BOOKMARK [2][-]{subsection.6.2}{\376\377\000Q\000R\000\040\000f\000a\000c\000t\000o\000r\000i\000z\000a\000t\000i\000o\000n}{section.6}% 17
\BOOKMARK [1][-]{section.7}{\376\377\0002\0006\000t\000h\000\040\000o\000f\000\040\000O\000c\000t\000o\000b\000e\000r\000\040\0002\0000\0001\0008\000\040\040\024\000\040\000F\000.\000\040\000P\000o\000l\000o\000n\000i}{}% 18
\BOOKMARK [2][-]{subsection.7.1}{\376\377\000H\000o\000w\000\040\000t\000o\000\040\000c\000o\000n\000s\000t\000r\000u\000c\000t\000\040\000a\000\040\000Q\000R\000\040\000f\000a\000c\000t\000o\000r\000i\000z\000a\000t\000i\000o\000n}{section.7}% 19
\BOOKMARK [3][-]{subsubsection.7.1.1}{\376\377\000M\000a\000t\000l\000a\000b\000\040\000i\000m\000p\000l\000e\000m\000e\000n\000t\000a\000t\000i\000o\000n}{subsection.7.1}% 20
\BOOKMARK [2][-]{subsection.7.2}{\376\377\000H\000o\000w\000\040\000t\000o\000\040\000u\000s\000e\000\040\000t\000h\000e\000\040\000t\000h\000i\000n\000\040\000Q\000R\000\040\000f\000a\000c\000t\000o\000r\000i\000z\000a\000t\000i\000o\000n\000\040\000t\000o\000\040\000s\000o\000l\000v\000e\000\040\000a\000\040\000l\000e\000a\000s\000t\000\040\000s\000q\000u\000a\000r\000e\000s\000\040\000p\000r\000o\000b\000l\000e\000m}{section.7}% 21
\BOOKMARK [1][-]{section.8}{\376\377\0007\000t\000h\000\040\000o\000f\000\040\000N\000o\000v\000e\000m\000b\000e\000r\000\040\0002\0000\0001\0008\000\040\040\024\000\040\000F\000.\000P\000o\000l\000o\000n\000i}{}% 22
\BOOKMARK [2][-]{subsection.8.1}{\376\377\000L\000e\000a\000s\000t\000\040\000s\000q\000u\000a\000r\000e\000s\000\040\000p\000r\000o\000b\000l\000e\000m\000\040\000w\000i\000t\000h\000\040\000S\000V\000D}{section.8}% 23
\BOOKMARK [3][-]{subsubsection.8.1.1}{\376\377\000B\000e\000h\000a\000v\000i\000o\000u\000r\000\040\000i\000n\000\040\000c\000a\000s\000e\000\040\000o\000f\000\040\000z\000e\000r\000o\000s\000\040\000a\000s\000\040\000s\000i\000n\000g\000u\000l\000a\000r\000\040\000v\000a\000l\000u\000e\000s}{subsection.8.1}% 24
\BOOKMARK [2][-]{subsection.8.2}{\376\377\000T\000r\000u\000n\000c\000a\000t\000e\000d\000\040\000S\000V\000D}{section.8}% 25
\BOOKMARK [2][-]{subsection.8.3}{\376\377\000T\000i\000k\000h\000o\000n\000o\000v\000\040\000r\000e\000g\000u\000l\000a\000r\000i\000z\000a\000t\000i\000o\000n\000\040\000/\000\040\000r\000i\000d\000g\000e\000\040\000r\000e\000g\000r\000e\000s\000s\000i\000o\000n}{section.8}% 26
\BOOKMARK [1][-]{section.9}{\376\377\0009\000t\000h\000\040\000o\000f\000\040\000N\000o\000v\000e\000m\000b\000e\000r\000\040\0002\0000\0001\0008\000\040\040\024\000\040\000F\000.\000\040\000P\000o\000l\000o\000n\000i}{}% 27
\BOOKMARK [2][-]{subsection.9.1}{\376\377\000C\000o\000n\000d\000i\000t\000i\000o\000n\000i\000n\000g}{section.9}% 28
\BOOKMARK [3][-]{subsubsection.9.1.1}{\376\377\000C\000o\000n\000d\000i\000t\000i\000o\000n\000i\000n\000g\000\040\000o\000f\000\040\000l\000i\000n\000e\000a\000r\000\040\000s\000y\000s\000t\000e\000m\000s}{subsection.9.1}% 29
\BOOKMARK [2][-]{subsection.9.2}{\376\377\000C\000o\000n\000d\000i\000t\000i\000o\000n\000\040\000n\000u\000m\000b\000e\000r\000,\000\040\000S\000V\000D\000,\000\040\000a\000n\000d\000\040\000d\000i\000s\000t\000a\000n\000c\000e\000\040\000t\000o\000\040\000s\000i\000n\000g\000u\000l\000a\000r\000i\000t\000y}{section.9}% 30
\BOOKMARK [2][-]{subsection.9.3}{\376\377\000C\000o\000n\000d\000i\000t\000i\000o\000n\000i\000n\000g\000\040\000o\000f\000\040\000l\000e\000a\000s\000t\000\040\000s\000q\000u\000a\000r\000e\000s\000\040\000p\000r\000o\000b\000l\000e\000m}{section.9}% 31
\BOOKMARK [1][-]{section.10}{\376\377\0001\0005\000t\000h\000\040\000o\000f\000\040\000N\000o\000v\000e\000m\000b\000e\000r\000\040\0002\0000\0001\0008\000\040\040\024\000\040\000F\000.\000\040\000P\000o\000l\000o\000n\000i}{}% 32
\BOOKMARK [2][-]{subsection.10.1}{\376\377\000S\000t\000a\000b\000i\000l\000i\000t\000y\000\040\000o\000f\000\040\000a\000l\000g\000o\000r\000i\000t\000h\000m\000s}{section.10}% 33
\BOOKMARK [2][-]{subsection.10.2}{\376\377\000B\000a\000c\000k\000w\000a\000r\000d\000\040\000s\000t\000a\000b\000i\000l\000i\000t\000y\000\040\000o\000f\000\040\000Q\000R\000\040\000f\000a\000c\000t\000o\000r\000i\000z\000a\000t\000i\000o\000n}{section.10}% 34
\BOOKMARK [3][-]{subsubsection.10.2.1}{\376\377\000S\000t\000a\000b\000i\000l\000i\000t\000y\000\040\000o\000f\000\040\000a\000l\000g\000o\000r\000i\000t\000h\000m\000s\000\040\000f\000o\000r\000\040\000l\000e\000a\000s\000t\000-\000s\000q\000u\000a\000r\000e\000s\000\040\000p\000r\000o\000b\000l\000e\000m\000s}{subsection.10.2}% 35
\BOOKMARK [3][-]{subsubsection.10.2.2}{\376\377\000A\000\040\000p\000o\000s\000t\000e\000r\000i\000o\000r\000i\000\040\000c\000h\000e\000c\000k\000s}{subsection.10.2}% 36
\BOOKMARK [2][-]{subsection.10.3}{\376\377\000A\000\040\000p\000o\000s\000t\000e\000r\000i\000o\000r\000i\000\040\000c\000h\000e\000c\000k\000\040\000f\000o\000r\000\040\000L\000e\000a\000s\000t\000\040\000S\000q\000u\000a\000r\000e\000s\000\040\000P\000r\000o\000b\000l\000e\000m\000s}{section.10}% 37
\BOOKMARK [1][-]{section.11}{\376\377\0002\0001\000s\000t\000\040\000o\000f\000\040\000N\000o\000v\000e\000m\000b\000e\000r\000\040\0002\0000\0001\0008\000\040\040\024\000\040\000F\000.\000\040\000P\000o\000l\000o\000n\000i}{}% 38
\BOOKMARK [2][-]{subsection.11.1}{\376\377\000G\000a\000u\000s\000s\000i\000a\000n\000\040\000e\000l\000i\000m\000i\000n\000a\000t\000i\000o\000n\000\040\000a\000n\000d\000\040\000L\000U\000\040\000f\000a\000c\000t\000o\000r\000i\000z\000a\000t\000i\000o\000n}{section.11}% 39
\BOOKMARK [3][-]{subsubsection.11.1.1}{\376\377\000S\000t\000a\000b\000i\000l\000i\000t\000y\000\040\000o\000f\000\040\000L\000U}{subsection.11.1}% 40
\BOOKMARK [3][-]{subsubsection.11.1.2}{\376\377\000G\000a\000u\000s\000s\000i\000a\000n\000\040\000e\000l\000i\000m\000i\000n\000a\000t\000i\000o\000n\000\040\000o\000n\000\040\000s\000p\000a\000r\000s\000e\000\040\000m\000a\000t\000r\000i\000c\000e\000s}{subsection.11.1}% 41
\BOOKMARK [1][-]{section.12}{\376\377\0002\0003\000r\000d\000\040\000o\000f\000\040\000N\000o\000v\000e\000m\000b\000e\000r\000\040\0002\0000\0001\0008\000\040\040\024\000\040\000F\000.\000\040\000P\000o\000l\000o\000n\000i}{}% 42
\BOOKMARK [2][-]{subsection.12.1}{\376\377\000G\000a\000u\000s\000s\000i\000a\000n\000\040\000e\000l\000i\000m\000i\000n\000a\000t\000i\000o\000n\000\040\000o\000n\000\040\000s\000y\000m\000m\000e\000t\000r\000i\000c\000\040\000m\000a\000t\000r\000i\000c\000e\000s}{section.12}% 43
\BOOKMARK [2][-]{subsection.12.2}{\376\377\000C\000h\000o\000l\000e\000s\000k\000y\000\040\000f\000a\000c\000t\000o\000r\000i\000z\000a\000t\000i\000o\000n}{section.12}% 44
\BOOKMARK [2][-]{subsection.12.3}{\376\377\000K\000r\000y\000l\000o\000v\000\040\000s\000u\000b\000s\000p\000a\000c\000e\000\040\000m\000e\000t\000h\000o\000d\000s}{section.12}% 45
\BOOKMARK [1][-]{section.13}{\376\377\0002\0009\000t\000h\000\040\000o\000f\000\040\000N\000o\000v\000e\000m\000b\000e\000r\000\040\0002\0000\0001\0008\000\040\040\024\000\040\000F\000.\000\040\000P\000o\000l\000o\000n\000i}{}% 46
\BOOKMARK [2][-]{subsubsection.13.0.1}{\376\377\000N\000a\000i\000v\000e\000\040\000i\000d\000e\000a}{section.13}% 47
\BOOKMARK [3][-]{subsubsection.13.0.2}{\376\377\000I\000m\000p\000r\000o\000v\000e\000m\000e\000n\000t}{subsubsection.13.0.1}% 48
\BOOKMARK [2][-]{subsection.13.1}{\376\377\000A\000r\000n\000o\000l\000d\000i\000\040\000a\000l\000g\000o\000r\000i\000t\000h\000m}{section.13}% 49
\BOOKMARK [1][-]{section.14}{\376\377\0005\000t\000h\000\040\000o\000f\000\040\000D\000e\000c\000e\000m\000b\000e\000r\000\040\0002\0000\0001\0008\000\040\040\024\000\040\000F\000.\000\040\000P\000o\000l\000o\000n\000i}{}% 50
\BOOKMARK [2][-]{subsection.14.1}{\376\377\000C\000o\000n\000v\000e\000r\000g\000e\000n\000c\000e\000\040\000o\000f\000\040\000A\000r\000n\000o\000l\000d\000i}{section.14}% 51
\BOOKMARK [3][-]{subsubsection.14.1.1}{\376\377\000B\000e\000t\000t\000e\000r\000\040\000e\000x\000p\000l\000a\000n\000a\000t\000i\000o\000n}{subsection.14.1}% 52
\BOOKMARK [1][-]{section.15}{\376\377\0007\000t\000h\000\040\000o\000f\000\040\000D\000e\000c\000e\000m\000b\000e\000r\000\040\0002\0000\0001\0008\000\040\040\024\000\040\000F\000.\000\040\000P\000o\000l\000o\000n\000i}{}% 53
\BOOKMARK [1][-]{section.16}{\376\377\0001\0003\000t\000h\000\040\000o\000f\000\040\000D\000e\000c\000e\000m\000b\000e\000r\000\040\0002\0000\0001\0008\000\040\040\024\000\040\000F\000.\000\040\000P\000o\000l\000o\000n\000i}{}% 54
\BOOKMARK [2][-]{subsection.16.1}{\376\377\000L\000a\000n\000c\000z\000o\000s\000\040\000a\000l\000g\000o\000r\000i\000t\000h\000m}{section.16}% 55
