\BOOKMARK [0][-]{chapter.1}{\376\377\0001\0009\000t\000h\000\040\000o\000f\000\040\000S\000e\000p\000t\000e\000m\000b\000e\000r\000\040\0002\0000\0001\0008}{}% 1
\BOOKMARK [1][-]{section.1.1}{\376\377\000I\000n\000t\000r\000o\000d\000u\000c\000t\000i\000o\000n\000\040\000t\000o\000\040\000m\000a\000c\000h\000i\000n\000e\000\040\000l\000e\000a\000r\000n\000i\000n\000g\000\040\000p\000r\000o\000b\000l\000e\000m\000s}{chapter.1}% 2
\BOOKMARK [1][-]{section.1.2}{\376\377\000O\000p\000t\000i\000m\000i\000z\000a\000t\000i\000o\000n}{chapter.1}% 3
\BOOKMARK [2][-]{subsection.1.2.1}{\376\377\000L\000i\000n\000e\000a\000r\000\040\000e\000s\000t\000i\000m\000a\000t\000i\000o\000n}{section.1.2}% 4
\BOOKMARK [2][-]{subsection.1.2.2}{\376\377\000L\000o\000w\000-\000r\000a\000n\000k\000\040\000a\000p\000p\000r\000o\000x\000i\000m\000a\000t\000i\000o\000n}{section.1.2}% 5
\BOOKMARK [2][-]{subsection.1.2.3}{\376\377\000S\000u\000p\000p\000o\000r\000t\000\040\000v\000e\000c\000t\000o\000r\000\040\000m\000a\000c\000h\000i\000n\000e\000s}{section.1.2}% 6
\BOOKMARK [0][-]{chapter.2}{\376\377\0002\0001\000s\000t\000\040\000o\000f\000\040\000S\000e\000p\000t\000e\000m\000b\000e\000r\000\040\0002\0000\0001\0008}{}% 7
\BOOKMARK [1][-]{section.2.1}{\376\377\000M\000a\000t\000h\000e\000m\000a\000t\000i\000c\000a\000l\000\040\000b\000a\000c\000k\000g\000r\000o\000u\000n\000d\000\040\000f\000o\000r\000\040\000o\000p\000t\000i\000m\000i\000z\000a\000t\000i\000o\000n\000\040\000p\000r\000o\000b\000l\000e\000m\000s}{chapter.2}% 8
\BOOKMARK [2][-]{subsection.2.1.1}{\376\377\000M\000u\000l\000t\000i\000-\000o\000b\000j\000e\000c\000t\000i\000v\000e\000\040\000O\000p\000t\000i\000m\000i\000z\000a\000t\000i\000o\000n}{section.2.1}% 9
\BOOKMARK [1][-]{section.2.2}{\376\377\000I\000n\000f\000i\000m\000a\000,\000\040\000s\000u\000p\000r\000e\000m\000a\000\040\000a\000n\000d\000\040\000e\000x\000t\000e\000n\000d\000e\000d\000\040\000r\000e\000a\000l\000s}{chapter.2}% 10
\BOOKMARK [1][-]{section.2.3}{\376\377\000\050\000M\000o\000n\000o\000t\000o\000n\000e\000\051\000\040\000S\000e\000q\000u\000e\000n\000c\000e\000s\000\040\000i\000n\000\040\000R\000\040\000a\000n\000d\000\040\000o\000p\000t\000i\000m\000i\000z\000a\000t\000i\000o\000n}{chapter.2}% 11
\BOOKMARK [1][-]{section.2.4}{\376\377\000V\000e\000c\000t\000o\000r\000\040\000s\000p\000a\000c\000e\000s\000\040\000a\000n\000d\000\040\000t\000o\000p\000o\000l\000o\000g\000y}{chapter.2}% 12
\BOOKMARK [1][-]{section.2.5}{\376\377\000L\000i\000m\000i\000t\000\040\000o\000f\000\040\000a\000\040\000s\000e\000q\000u\000e\000n\000c\000e\000\040\000i\000n\000\040\000R\000^\000n}{chapter.2}% 13
\BOOKMARK [0][-]{chapter.3}{\376\377\0002\0007\000t\000h\000\040\000o\000f\000\040\000S\000e\000p\000t\000e\000m\000b\000e\000r\000\040\0002\0000\0001\0008}{}% 14
\BOOKMARK [1][-]{section.3.1}{\376\377\000C\000o\000n\000t\000i\000n\000u\000i\000t\000y}{chapter.3}% 15
\BOOKMARK [1][-]{section.3.2}{\376\377\000D\000e\000r\000i\000v\000a\000t\000i\000v\000e\000s}{chapter.3}% 16
\BOOKMARK [2][-]{subsection.3.2.1}{\376\377\000M\000u\000l\000t\000i\000v\000a\000r\000i\000a\000t\000e\000\040\000d\000i\000f\000f\000e\000r\000e\000n\000t\000i\000a\000b\000i\000l\000i\000t\000y}{section.3.2}% 17
\BOOKMARK [0][-]{chapter.4}{\376\377\0003\000r\000d\000\040\000o\000f\000\040\000O\000c\000t\000o\000b\000e\000r\000\040\0002\0000\0001\0008}{}% 18
\BOOKMARK [1][-]{section.4.1}{\376\377\000S\000i\000m\000p\000l\000e\000\040\000f\000u\000n\000c\000t\000i\000o\000n\000s}{chapter.4}% 19
\BOOKMARK [2][-]{subsection.4.1.1}{\376\377\000L\000i\000n\000e\000a\000r\000\040\000f\000u\000n\000c\000t\000i\000o\000n\000s}{section.4.1}% 20
\BOOKMARK [2][-]{subsection.4.1.2}{\376\377\000Q\000u\000a\000d\000r\000a\000t\000i\000c\000\040\000f\000u\000n\000c\000t\000i\000o\000n\000s}{section.4.1}% 21
\BOOKMARK [0][-]{chapter.5}{\376\377\0005\000t\000h\000\040\000o\000f\000\040\000O\000c\000t\000o\000b\000e\000r\000\040\0002\0000\0001\0008}{}% 22
\BOOKMARK [1][-]{section.5.1}{\376\377\000U\000n\000c\000o\000n\000s\000t\000r\000a\000i\000n\000e\000d\000\040\000o\000p\000t\000i\000m\000i\000z\000a\000t\000i\000o\000n}{chapter.5}% 23
\BOOKMARK [2][-]{subsection.5.1.1}{\376\377\000F\000i\000r\000s\000t\000\040\000o\000r\000d\000e\000r\000\040\000m\000o\000d\000e\000l}{section.5.1}% 24
\BOOKMARK [2][-]{subsection.5.1.2}{\376\377\000S\000e\000c\000o\000n\000d\000\040\000o\000r\000d\000e\000r\000\040\000m\000o\000d\000e\000l}{section.5.1}% 25
\BOOKMARK [1][-]{section.5.2}{\376\377\000C\000o\000n\000v\000e\000x\000i\000t\000y}{chapter.5}% 26
\BOOKMARK [0][-]{chapter.6}{\376\377\0001\0001\000t\000h\000\040\000o\000f\000\040\000O\000c\000t\000o\000b\000e\000r\000\040\0002\0000\0001\0008}{}% 27
\BOOKMARK [1][-]{subsection.6.0.1}{\376\377\000S\000u\000b\000g\000r\000a\000d\000i\000e\000n\000t\000s\000\040\000a\000n\000d\000\040\000s\000u\000b\000d\000i\000f\000f\000e\000r\000e\000n\000t\000i\000a\000l\000s}{chapter.6}% 28
\BOOKMARK [1][-]{section.6.1}{\376\377\0001\0007\000t\000h\000\040\000o\000f\000\040\000O\000c\000t\000o\000b\000e\000r\000\040\0002\0000\0001\0008\000\040\040\024\000\040\000A\000.\000\040\000F\000r\000a\000n\000g\000i\000o\000n\000i}{chapter.6}% 29
\BOOKMARK [2][-]{subsection.6.1.1}{\376\377\000O\000p\000t\000i\000m\000i\000z\000a\000t\000i\000o\000n\000\040\000a\000l\000g\000o\000r\000i\000t\000h\000m\000s}{section.6.1}% 30
\BOOKMARK [1][-]{section.6.2}{\376\377\0001\0009\000t\000h\000\040\000o\000f\000\040\000O\000c\000t\000o\000b\000e\000r\000\040\0002\0000\0001\0008\000\040\040\024\000\040\000A\000.\000\040\000F\000r\000a\000n\000g\000i\000o\000n\000i}{chapter.6}% 31
\BOOKMARK [2][-]{subsection.6.2.1}{\376\377\000G\000r\000a\000d\000i\000e\000n\000t\000\040\000m\000e\000t\000h\000o\000d\000\040\000f\000o\000r\000\040\000q\000u\000a\000d\000r\000a\000t\000i\000c\000\040\000f\000u\000n\000c\000t\000i\000o\000n\000s}{section.6.2}% 32
\BOOKMARK [2][-]{subsection.6.2.2}{\376\377\000M\000a\000t\000L\000a\000b\000\040\000i\000m\000p\000l\000e\000m\000e\000n\000t\000a\000t\000i\000o\000n}{section.6.2}% 33
\BOOKMARK [1][-]{section.6.3}{\376\377\0002\0004\000t\000h\000\040\000o\000f\000\040\000O\000c\000t\000o\000b\000e\000r\000\040\0002\0000\0001\0008\000\040\040\024\000\040\000A\000.\000\040\000F\000r\000a\000n\000g\000i\000o\000n\000i}{chapter.6}% 34
\BOOKMARK [2][-]{subsection.6.3.1}{\376\377\000G\000r\000a\000d\000i\000e\000n\000t\000\040\000m\000e\000t\000h\000o\000d\000\040\000f\000o\000r\000\040\000n\000o\000n\000\040\000q\000u\000a\000d\000r\000a\000t\000i\000c\000\040\000f\000u\000n\000c\000t\000i\000o\000n\000s}{section.6.3}% 35
\BOOKMARK [1][-]{section.6.4}{\376\377\0002\0005\000t\000h\000\040\000o\000f\000\040\000O\000c\000t\000o\000b\000e\000r\000\040\0002\0000\0001\0008\000\040\040\024\000\040\000A\000.\000\040\000F\000r\000a\000n\000g\000i\000o\000n\000i}{chapter.6}% 36
\BOOKMARK [1][-]{section.6.5}{\376\377\0008\000t\000h\000\040\000o\000f\000\040\000N\000o\000v\000e\000m\000b\000e\000r\000\040\0002\0000\0001\0008\000\040\040\024\000\040\000A\000.\000\040\000F\000r\000a\000n\000g\000i\000o\000n\000i}{chapter.6}% 37
\BOOKMARK [2][-]{subsection.6.5.1}{\376\377\000G\000o\000o\000d\000\040\000p\000r\000a\000c\000t\000i\000c\000e\000\040\000o\000f\000\040\000d\000e\000s\000i\000g\000n\000i\000n\000g\000\040\000a\000\040\000p\000r\000o\000j\000e\000c\000t}{section.6.5}% 38
\BOOKMARK [1][-]{section.6.6}{\376\377\0001\0004\000t\000h\000\040\000o\000f\000\040\000N\000o\000v\000e\000m\000b\000e\000r\000\040\0002\0000\0001\0008\000\040\040\024\000\040\000A\000.\000\040\000F\000r\000a\000n\000g\000i\000o\000n\000i}{chapter.6}% 39
\BOOKMARK [2][-]{subsection.6.6.1}{\376\377\000T\000a\000y\000l\000o\000r\000\040\000m\000e\000t\000h\000o\000d}{section.6.6}% 40
\BOOKMARK [1][-]{section.6.7}{\376\377\0001\0006\000t\000h\000\040\000o\000f\000\040\000N\000o\000v\000e\000m\000b\000e\000r\000\040\0002\0000\0001\0008\000\040\040\024\000\040\000A\000.\000\040\000F\000r\000a\000n\000g\000i\000o\000n\000i}{chapter.6}% 41
\BOOKMARK [2][-]{subsection.6.7.1}{\376\377\000Q\000u\000a\000s\000i\000-\000n\000e\000w\000t\000o\000n\000\040\000m\000e\000t\000h\000o\000d\000s}{section.6.7}% 42
\BOOKMARK [2][-]{subsection.6.7.2}{\376\377\000C\000o\000n\000j\000u\000g\000a\000t\000e\000\040\000g\000r\000a\000d\000i\000e\000n\000t\000\040\000m\000e\000t\000h\000o\000d}{section.6.7}% 43
\BOOKMARK [1][-]{section.6.8}{\376\377\0002\0002\000n\000d\000\040\000o\000f\000\040\000N\000o\000v\000e\000m\000b\000e\000r\000\040\0002\0000\0001\0008\000\040\040\024\000\040\000A\000.\000\040\000F\000r\000a\000n\000g\000i\000o\000n\000i}{chapter.6}% 44
\BOOKMARK [2][-]{subsection.6.8.1}{\376\377\000D\000e\000f\000l\000e\000c\000t\000e\000d\000\040\000g\000r\000a\000d\000i\000e\000n\000t\000\040\000m\000e\000t\000h\000o\000d\000s}{section.6.8}% 45
\BOOKMARK [2][-]{subsection.6.8.2}{\376\377\000I\000n\000c\000r\000e\000m\000e\000n\000t\000a\000l\000\040\000g\000r\000a\000d\000i\000e\000n\000t\000\040\000m\000e\000t\000h\000o\000d\000s}{section.6.8}% 46
\BOOKMARK [2][-]{subsection.6.8.3}{\376\377\000S\000u\000b\000g\000r\000a\000d\000i\000e\000n\000t\000\040\000m\000e\000t\000h\000o\000d\000s}{section.6.8}% 47
\BOOKMARK [1][-]{section.6.9}{\376\377\0002\0008\000t\000h\000\040\000o\000f\000\040\000N\000o\000v\000e\000m\000b\000e\000r\000\040\0002\0000\0001\0008\000\040\040\024\000\040\000A\000.\000\040\000F\000r\000a\000n\000g\000i\000o\000n\000i}{chapter.6}% 48
\BOOKMARK [2][-]{subsection.6.9.1}{\376\377\000S\000u\000b\000g\000r\000a\000d\000i\000e\000n\000t\000\040\000m\000e\000t\000h\000o\000d\000s}{section.6.9}% 49
\BOOKMARK [2][-]{subsection.6.9.2}{\376\377\000D\000e\000f\000l\000e\000c\000t\000e\000d\000\040\000s\000u\000b\000g\000r\000a\000d\000i\000e\000n\000t}{section.6.9}% 50
\BOOKMARK [2][-]{subsection.6.9.3}{\376\377\000S\000m\000o\000o\000t\000h\000e\000d\000\040\000g\000r\000a\000d\000i\000e\000n\000t\000\040\000m\000e\000t\000h\000o\000d\000s}{section.6.9}% 51
\BOOKMARK [2][-]{subsection.6.9.4}{\376\377\000C\000u\000t\000t\000i\000n\000g\000-\000p\000l\000a\000n\000e\000\040\000a\000l\000g\000o\000r\000i\000t\000h\000m}{section.6.9}% 52
\BOOKMARK [2][-]{subsection.6.9.5}{\376\377\000B\000u\000n\000d\000l\000e\000\040\000m\000e\000t\000h\000o\000d\000s}{section.6.9}% 53
\BOOKMARK [1][-]{section.6.10}{\376\377\0003\0000\000t\000h\000\040\000o\000f\000\040\000N\000o\000v\000e\000m\000b\000e\000r\000\040\0002\0000\0001\0008\000\040\040\024\000\040\000A\000.\000\040\000F\000r\000a\000n\000g\000i\000o\000n\000i}{chapter.6}% 54
\BOOKMARK [2][-]{subsection.6.10.1}{\376\377\000C\000o\000n\000s\000t\000r\000a\000i\000n\000e\000d\000\040\000o\000p\000t\000i\000m\000i\000z\000a\000t\000i\000o\000n}{section.6.10}% 55
\BOOKMARK [1][-]{section.6.11}{\376\377\0006\000t\000h\000\040\000o\000f\000\040\000D\000e\000c\000e\000m\000b\000e\000r\000\040\0002\0000\0001\0008\000\040\040\024\000\040\000A\000.\000\040\000F\000r\000a\000n\000g\000i\000o\000n\000i}{chapter.6}% 56
\BOOKMARK [2][-]{subsection.6.11.1}{\376\377\000D\000u\000a\000l\000i\000t\000y}{section.6.11}% 57
\BOOKMARK [2][-]{subsection.6.11.2}{\376\377\000L\000a\000g\000r\000a\000n\000g\000i\000a\000n\000\040\000d\000u\000a\000l\000i\000t\000y}{section.6.11}% 58
\BOOKMARK [2][-]{subsection.6.11.3}{\376\377\000S\000p\000e\000c\000i\000a\000l\000i\000z\000e\000d\000\040\000d\000u\000a\000l}{section.6.11}% 59
\BOOKMARK [2][-]{subsection.6.11.4}{\376\377\000F\000e\000n\000c\000h\000e\000l\000'\000s\000\040\000d\000u\000a\000l\000i\000t\000y}{section.6.11}% 60
\BOOKMARK [1][-]{section.6.12}{\376\377\0001\0002\000t\000h\000\040\000o\000f\000\040\000D\000e\000c\000e\000m\000b\000e\000r\000\040\0002\0000\0001\0008\000\040\040\024\000\040\000A\000.\000\040\000F\000r\000a\000n\000g\000i\000o\000n\000i}{chapter.6}% 61
\BOOKMARK [2][-]{subsection.6.12.1}{\376\377\000Q\000u\000a\000d\000r\000a\000t\000i\000c\000\040\000p\000r\000o\000b\000l\000e\000m\000\040\000w\000i\000t\000h\000\040\000l\000i\000n\000e\000a\000r\000\040\000e\000q\000u\000a\000l\000i\000t\000y\000\040\000c\000o\000n\000s\000t\000r\000a\000i\000n\000t\000s}{section.6.12}% 62
\BOOKMARK [2][-]{subsection.6.12.2}{\376\377\000I\000n\000e\000q\000u\000a\000l\000i\000t\000y\000\040\000c\000o\000n\000s\000t\000r\000a\000i\000n\000e\000d\000\040\000p\000r\000o\000b\000l\000e\000m\000s}{section.6.12}% 63
\BOOKMARK [1][-]{section.6.13}{\376\377\0001\0004\000t\000h\000\040\000o\000f\000\040\000D\000e\000c\000e\000m\000b\000e\000r\000\040\0002\0000\0001\0008\000\040\040\024\000\040\000A\000.\000\040\000F\000r\000a\000n\000g\000i\000o\000n\000i}{chapter.6}% 64
\BOOKMARK [2][-]{subsection.6.13.1}{\376\377\000D\000u\000a\000l\000\040\000m\000e\000t\000h\000o\000d\000s\000\040\000f\000o\000r\000\040\000l\000i\000n\000e\000a\000r\000\040\000c\000o\000n\000s\000t\000r\000a\000i\000n\000e\000d\000\040\000o\000p\000t\000i\000m\000i\000z\000a\000t\000i\000o\000n}{section.6.13}% 65
\BOOKMARK [2][-]{subsection.6.13.2}{\376\377\000P\000r\000i\000m\000a\000l\000/\000d\000u\000a\000l\000\040\000m\000e\000t\000h\000o\000d\000s\000\040\000o\000r\000\040\000b\000a\000r\000r\000i\000e\000r\000\040\000m\000e\000t\000h\000o\000d\000s}{section.6.13}% 66
\BOOKMARK [2][-]{subsection.6.13.3}{\376\377\000P\000r\000i\000m\000a\000l\000-\000d\000u\000a\000l\000\040\000i\000n\000t\000e\000r\000i\000o\000r\000\040\000p\000o\000i\000n\000t\000\040\000m\000e\000t\000h\000o\000d}{section.6.13}% 67
